INFO:  latexindent.pl version 3.24.5, 2025-03-13, a script to indent .tex files
       latexindent.pl lives here: /opt/homebrew/Cellar/latexindent/3.24.5/libexec/bin/
       Tue Jul  1 11:35:19 2025
       Filename: main.tex
INFO:  Processing switches:
       -w|--overwrite: Overwrite mode active, will make a back up before overwriting
INFO:  Directory for backup files and log file indent.log:
       .
INFO:  Perl modules are being loaded from the following directories:
       /opt/homebrew/opt/perl/lib/perl5/5.40/FindBin.pm
       /opt/homebrew/Cellar/latexindent/3.24.5/libexec/lib/perl5/YAML/Tiny.pm
       /opt/homebrew/opt/perl/lib/perl5/5.40/File/Copy.pm
       /opt/homebrew/opt/perl/lib/perl5/5.40/File/Basename.pm
       /opt/homebrew/opt/perl/lib/perl5/5.40/Getopt/Long.pm
       /opt/homebrew/Cellar/latexindent/3.24.5/libexec/lib/perl5/File/HomeDir.pm
INFO:  LatexIndent perl modules are being loaded from, for example:
       /opt/homebrew/Cellar/latexindent/3.24.5/libexec/lib/perl5/LatexIndent/Document.pm
INFO:  YAML settings read: defaultSettings.yaml
       Reading defaultSettings.yaml from /opt/homebrew/Cellar/latexindent/3.24.5/libexec/bin/defaultSettings.yaml
INFO:  YAML reading settings
       Home directory is /Users/kohei
       latexindent.pl didn't find indentconfig.yaml or .indentconfig.yaml
       see all possible locations: https://latexindentpl.readthedocs.io/en/latest/sec-appendices.html#indentconfig-options)
FATAL I couldn't find main.tex, are you sure it exists?
      Exiting, no indentation done.
       --------------
INFO:  Please direct all communication/issues to:
        https://github.com/cmhughes/latexindent.pl
